============ Test Case 0 ====================
Initial State: ABCDE
Player 1: ABC
Player 2: ABD
*** First Player Wins ***
Start -->        ABCDE
Akula Up 2 C --> CABDE
Akula Up 2 B --> BCADE
Akula Up 1 C --> CBADE
Akula Up 2 A --> ACBDE
Akula Up 1 C --> CABDE
Akula Up 1 A --> ACBDE
Akula Topple --> CBDEA
Akula Up 1 B --> BCDEA
Akula Topple --> CDEAB
Akula Topple --> DEABC
Akula Up 2 B --> DBEAC
Akula Topple --> BEACD
============ Test Case 1 ====================
Initial State: ABCDE
Player 1: ABC
Player 2: ABE
*** First Player Wins ***
Start -->        ABCDE
Akula Up 1 B --> BACDE
Akula Up 2 C --> CBADE
Akula Up 2 A --> ACBDE
Akula Up 2 B --> BACDE
Akula Up 2 C --> CBADE
Akula Up 1 B --> BCADE
Akula Up 1 C --> CBADE
Akula Up 1 B --> BCADE
Akula Topple --> CADEB
Akula Topple --> ADEBC
Akula Topple --> DEBCA
Akula Topple --> EBCAD
============ Test Case 2 ====================
Initial State: ABCDE
Player 1: ABC
Player 2: ACD
*** First Player Wins ***
Start -->        ABCDE
Akula Up 2 E --> ABECD
Akula Up 2 E --> EABCD
Akula Up 1 B --> EBACD
Akula Up 2 A --> AEBCD
Akula Up 2 B --> BAECD
Akula Up 1 A --> ABECD
Akula Up 1 B --> BAECD
Akula Up 1 A --> ABECD
Akula Topple --> BECDA
Akula Topple --> ECDAB
Akula Topple --> CDABE
Akula Topple --> DABEC
============ Test Case 3 ====================
Initial State: ABCDE
Player 1: ABC
Player 2: ACE
*** First Player Wins ***
Start -->        ABCDE
Akula Up 2 E --> ABECD
Akula Up 2 E --> EABCD
Akula Up 1 B --> EBACD
Akula Up 2 A --> AEBCD
Akula Up 2 B --> BAECD
Akula Up 1 A --> ABECD
Akula Up 1 B --> BAECD
Akula Up 1 A --> ABECD
Akula Topple --> BECDA
Akula Topple --> ECDAB
Akula Topple --> CDABE
Akula Topple --> DABEC
============ Test Case 4 ====================
Initial State: ABCDE
Player 1: ABC
Player 2: ADE
*** First Player Wins ***
Start -->        ABCDE
Akula Topple --> BCDEA
Akula Up 2 D --> DBCEA
Akula Up 2 C --> CDBEA
Akula Up 2 B --> BCDEA
Akula Up 2 E --> BECDA
Akula Up 1 E --> EBCDA
Akula Up 1 B --> BECDA
Akula Up 1 E --> EBCDA
Akula Up 1 B --> BECDA
Akula Topple --> ECDAB
Akula Topple --> CDABE
Akula Topple --> DABEC
============ Test Case 5 ====================
Initial State: ABCDE
Player 1: ABC
Player 2: BCD
*** First Player Wins ***
Start -->        ABCDE
Akula Up 2 C --> CABDE
Akula Up 2 B --> BCADE
Akula Up 1 A --> BACDE
Akula Up 2 C --> CBADE
Akula Up 2 A --> ACBDE
Akula Up 1 C --> CABDE
Akula Up 1 A --> ACBDE
Akula Up 1 C --> CABDE
Akula Topple --> ABDEC
Akula Topple --> BDECA
Akula Topple --> DECAB
Akula Topple --> ECABD
============ Test Case 6 ====================
Initial State: ABCDE
Player 1: ABC
Player 2: BCE
*** First Player Wins ***
Start -->        ABCDE
Akula Up 2 C --> CABDE
Akula Up 2 B --> BCADE
Akula Up 1 A --> BACDE
Akula Up 2 C --> CBADE
Akula Up 2 A --> ACBDE
Akula Up 1 C --> CABDE
Akula Up 1 A --> ACBDE
Akula Up 1 C --> CABDE
Akula Topple --> ABDEC
Akula Topple --> BDECA
Akula Topple --> DECAB
Akula Topple --> ECABD
============ Test Case 7 ====================
Initial State: ABCDE
Player 1: ABC
Player 2: BDE
*** First Player Wins ***
Start -->        ABCDE
Akula Topple --> BCDEA
Akula Up 2 D --> DBCEA
Akula Up 2 C --> CDBEA
Akula Up 2 B --> BCDEA
Akula Up 2 E --> BECDA
Akula Up 1 E --> EBCDA
Akula Up 1 B --> BECDA
Akula Up 1 E --> EBCDA
Akula Up 1 B --> BECDA
Akula Topple --> ECDAB
Akula Topple --> CDABE
Akula Topple --> DABEC
============ Test Case 8 ====================
Initial State: ABCDE
Player 1: ABC
Player 2: CDE
*** First Player Wins ***
Start -->        ABCDE
Akula Topple --> BCDEA
Akula Up 2 D --> DBCEA
Akula Up 2 C --> CDBEA
Akula Up 2 B --> BCDEA
Akula Up 2 E --> BECDA
Akula Up 1 E --> EBCDA
Akula Up 1 B --> BECDA
Akula Up 1 E --> EBCDA
Akula Up 1 B --> BECDA
Akula Topple --> ECDAB
Akula Topple --> CDABE
Akula Topple --> DABEC
============ Test Case 9 ====================
Initial State: ABCDE
Player 1: ABD
Player 2: ABC
*** First Player Wins ***
Start -->        ABCDE
Akula Up 2 D --> ADBCE
Akula Up 2 B --> BADCE
Akula Up 1 D --> BDACE
Akula Up 2 A --> ABDCE
Akula Up 2 D --> DABCE
Akula Up 1 A --> ADBCE
Akula Up 1 D --> DABCE
Akula Up 1 A --> ADBCE
Akula Topple --> DBCEA
Akula Topple --> BCEAD
Akula Topple --> CEADB
Akula Topple --> EADBC
============ Test Case 10 ====================
Initial State: ABCDE
Player 1: ABD
Player 2: ABE
*** First Player Wins ***
Start -->        ABCDE
Akula Up 2 D --> ADBCE
Akula Up 2 B --> BADCE
Akula Up 1 D --> BDACE
Akula Up 2 A --> ABDCE
Akula Up 2 D --> DABCE
Akula Up 1 A --> ADBCE
Akula Up 1 D --> DABCE
Akula Up 1 A --> ADBCE
Akula Topple --> DBCEA
Akula Topple --> BCEAD
Akula Topple --> CEADB
Akula Topple --> EADBC
============ Test Case 11 ====================
Initial State: ABCDE
Player 1: ABD
Player 2: ACD
*** First Player Wins ***
Start -->        ABCDE
Akula Up 2 E --> ABECD
Akula Up 2 E --> EABCD
Akula Up 1 B --> EBACD
Akula Up 2 A --> AEBCD
Akula Up 2 B --> BAECD
Akula Up 1 A --> ABECD
Akula Up 1 B --> BAECD
Akula Up 1 A --> ABECD
Akula Topple --> BECDA
Akula Topple --> ECDAB
Akula Topple --> CDABE
Akula Topple --> DABEC
============ Test Case 12 ====================
Initial State: ABCDE
Player 1: ABD
Player 2: ACE
*** First Player Wins ***
Start -->        ABCDE
Akula Topple --> BCDEA
Akula Up 2 D --> DBCEA
Akula Up 2 C --> CDBEA
Akula Up 2 B --> BCDEA
Akula Up 2 D --> DBCEA
Akula Up 1 B --> BDCEA
Akula Up 1 D --> DBCEA
Akula Up 1 B --> BDCEA
Akula Up 1 D --> DBCEA
Akula Topple --> BCEAD
Akula Topple --> CEADB
Akula Topple --> EADBC
============ Test Case 13 ====================
Initial State: ABCDE
Player 1: ABD
Player 2: ADE
*** First Player Wins ***
Start -->        ABCDE
Akula Up 2 E --> ABECD
Akula Up 2 E --> EABCD
Akula Up 1 B --> EBACD
Akula Up 2 A --> AEBCD
Akula Up 2 B --> BAECD
Akula Up 1 A --> ABECD
Akula Up 1 B --> BAECD
Akula Up 1 A --> ABECD
Akula Topple --> BECDA
Akula Topple --> ECDAB
Akula Topple --> CDABE
Akula Topple --> DABEC
============ Test Case 14 ====================
Initial State: ABCDE
Player 1: ABD
Player 2: BCD
*** First Player Wins ***
Start -->        ABCDE
Akula Up 2 C --> CABDE
Akula Up 2 B --> BCADE
Akula Up 2 A --> ABCDE
Akula Up 2 C --> CABDE
Akula Up 1 A --> ACBDE
Akula Up 1 C --> CABDE
Akula Up 1 A --> ACBDE
Akula Up 1 C --> CABDE
Akula Topple --> ABDEC
Akula Topple --> BDECA
Akula Topple --> DECAB
Akula Topple --> ECABD
============ Test Case 15 ====================
Initial State: ABCDE
Player 1: ABD
Player 2: BCE
*** First Player Wins ***
Start -->        ABCDE
Akula Topple --> BCDEA
Akula Up 2 D --> DBCEA
Akula Up 2 C --> CDBEA
Akula Up 2 B --> BCDEA
Akula Up 2 D --> DBCEA
Akula Up 1 B --> BDCEA
Akula Up 1 D --> DBCEA
Akula Up 1 B --> BDCEA
Akula Up 1 D --> DBCEA
Akula Topple --> BCEAD
Akula Topple --> CEADB
Akula Topple --> EADBC
============ Test Case 16 ====================
Initial State: ABCDE
Player 1: ABD
Player 2: BDE
*** First Player Wins ***
Start -->        ABCDE
Akula Up 2 C --> CABDE
Akula Up 2 B --> BCADE
Akula Up 1 A --> BACDE
Akula Up 2 C --> CBADE
Akula Up 2 A --> ACBDE
Akula Up 1 C --> CABDE
Akula Up 1 A --> ACBDE
Akula Up 1 C --> CABDE
Akula Topple --> ABDEC
Akula Topple --> BDECA
Akula Topple --> DECAB
Akula Topple --> ECABD
============ Test Case 17 ====================
Initial State: ABCDE
Player 1: ABD
Player 2: CDE
*** First Player Wins ***
Start -->        ABCDE
Akula Topple --> BCDEA
Akula Up 2 D --> DBCEA
Akula Up 2 C --> CDBEA
Akula Up 2 B --> BCDEA
Akula Up 2 D --> DBCEA
Akula Up 1 B --> BDCEA
Akula Up 1 D --> DBCEA
Akula Up 1 B --> BDCEA
Akula Up 1 D --> DBCEA
Akula Topple --> BCEAD
Akula Topple --> CEADB
Akula Topple --> EADBC
============ Test Case 18 ====================
Initial State: ABCDE
Player 1: ABE
Player 2: ABC
*** First Player Wins ***
Start -->        ABCDE
Akula Up 2 C --> CABDE
Akula Up 2 B --> BCADE
Akula Up 2 A --> ABCDE
Akula Up 2 C --> CABDE
Akula Topple --> ABDEC
Akula Up 1 B --> BADEC
Akula Up 1 A --> ABDEC
Akula Up 1 B --> BADEC
Akula Up 1 A --> ABDEC
Akula Topple --> BDECA
Akula Topple --> DECAB
Akula Topple --> ECABD
============ Test Case 19 ====================
Initial State: ABCDE
Player 1: ABE
Player 2: ABD
*** First Player Wins ***
Start -->        ABCDE
Akula Up 2 C --> CABDE
Akula Up 2 B --> BCADE
Akula Up 1 C --> CBADE
Akula Up 2 A --> ACBDE
Akula Up 1 C --> CABDE
Akula Up 1 A --> ACBDE
Akula Topple --> CBDEA
Akula Up 1 B --> BCDEA
Akula Up 2 D --> DBCEA
Akula Topple --> BCEAD
Akula Topple --> CEADB
Akula Topple --> EADBC
============ Test Case 20 ====================
Initial State: ABCDE
Player 1: ABE
Player 2: ACD
*** First Player Wins ***
Start -->        ABCDE
Akula Topple --> BCDEA
Akula Up 2 D --> DBCEA
Akula Up 2 C --> CDBEA
Akula Up 2 B --> BCDEA
Akula Up 2 D --> DBCEA
Akula Up 1 B --> BDCEA
Akula Up 1 D --> DBCEA
Akula Up 1 B --> BDCEA
Akula Up 1 D --> DBCEA
Akula Topple --> BCEAD
Akula Topple --> CEADB
Akula Topple --> EADBC
============ Test Case 21 ====================
Initial State: ABCDE
Player 1: ABE
Player 2: ACE
*** First Player Wins ***
Start -->        ABCDE
Akula Up 2 E --> ABECD
Akula Up 2 E --> EABCD
Akula Up 1 B --> EBACD
Akula Up 2 A --> AEBCD
Akula Up 2 B --> BAECD
Akula Up 1 A --> ABECD
Akula Up 1 B --> BAECD
Akula Up 1 A --> ABECD
Akula Topple --> BECDA
Akula Topple --> ECDAB
Akula Topple --> CDABE
Akula Topple --> DABEC
============ Test Case 22 ====================
Initial State: ABCDE
Player 1: ABE
Player 2: ADE
*** First Player Wins ***
Start -->        ABCDE
Akula Up 2 E --> ABECD
Akula Up 2 E --> EABCD
Akula Up 1 B --> EBACD
Akula Up 2 A --> AEBCD
Akula Up 2 B --> BAECD
Akula Up 1 A --> ABECD
Akula Up 1 B --> BAECD
Akula Up 1 A --> ABECD
Akula Topple --> BECDA
Akula Topple --> ECDAB
Akula Topple --> CDABE
Akula Topple --> DABEC
============ Test Case 23 ====================
Initial State: ABCDE
Player 1: ABE
Player 2: BCD
*** First Player Wins ***
Start -->        ABCDE
Akula Topple --> BCDEA
Akula Up 2 D --> DBCEA
Akula Up 2 C --> CDBEA
Akula Up 2 B --> BCDEA
Akula Up 2 D --> DBCEA
Akula Up 1 B --> BDCEA
Akula Up 1 D --> DBCEA
Akula Up 1 B --> BDCEA
Akula Up 1 D --> DBCEA
Akula Topple --> BCEAD
Akula Topple --> CEADB
Akula Topple --> EADBC
============ Test Case 24 ====================
Initial State: ABCDE
Player 1: ABE
Player 2: BCE
*** First Player Wins ***
Start -->        ABCDE
Akula Up 2 C --> CABDE
Akula Up 2 B --> BCADE
Akula Up 2 A --> ABCDE
Akula Up 2 C --> CABDE
Akula Up 1 A --> ACBDE
Akula Up 1 C --> CABDE
Akula Up 1 A --> ACBDE
Akula Up 1 C --> CABDE
Akula Topple --> ABDEC
Akula Topple --> BDECA
Akula Topple --> DECAB
Akula Topple --> ECABD
============ Test Case 25 ====================
Initial State: ABCDE
Player 1: ABE
Player 2: BDE
*** First Player Wins ***
Start -->        ABCDE
Akula Up 2 C --> CABDE
Akula Up 2 B --> BCADE
Akula Up 1 A --> BACDE
Akula Up 2 C --> CBADE
Akula Up 2 A --> ACBDE
Akula Up 1 C --> CABDE
Akula Up 1 A --> ACBDE
Akula Up 1 C --> CABDE
Akula Topple --> ABDEC
Akula Topple --> BDECA
Akula Topple --> DECAB
Akula Topple --> ECABD
============ Test Case 26 ====================
Initial State: ABCDE
Player 1: ABE
Player 2: CDE
*** First Player Wins ***
Start -->        ABCDE
Akula Topple --> BCDEA
Akula Up 2 D --> DBCEA
Akula Up 2 C --> CDBEA
Akula Up 2 B --> BCDEA
Akula Up 2 D --> DBCEA
Akula Up 1 B --> BDCEA
Akula Up 1 D --> DBCEA
Akula Up 1 B --> BDCEA
Akula Up 1 D --> DBCEA
Akula Topple --> BCEAD
Akula Topple --> CEADB
Akula Topple --> EADBC
============ Test Case 27 ====================
Initial State: ABCDE
Player 1: ACD
Player 2: ABC
*** First Player Wins ***
Start -->        ABCDE
Akula Up 2 D --> ADBCE
Akula Up 2 B --> BADCE
Akula Up 1 D --> BDACE
Akula Up 2 A --> ABDCE
Akula Up 2 D --> DABCE
Akula Up 1 A --> ADBCE
Akula Up 1 D --> DABCE
Akula Up 1 A --> ADBCE
Akula Topple --> DBCEA
Akula Topple --> BCEAD
Akula Topple --> CEADB
Akula Topple --> EADBC
============ Test Case 28 ====================
Initial State: ABCDE
Player 1: ACD
Player 2: ABD
*** First Player Wins ***
Start -->        ABCDE
Akula Up 2 C --> CABDE
Akula Up 2 B --> BCADE
Akula Up 1 D --> BCDAE
Akula Up 2 D --> DBCAE
Akula Up 2 C --> CDBAE
Akula Up 1 D --> DCBAE
Akula Up 1 C --> CDBAE
Akula Up 1 D --> DCBAE
Akula Topple --> CBAED
Akula Topple --> BAEDC
Akula Topple --> AEDCB
Akula Topple --> EDCBA
============ Test Case 29 ====================
Initial State: ABCDE
Player 1: ACD
Player 2: ABE
*** Second Player Wins ***
Start -->        ABCDE
Akula Up 2 C --> CABDE
Akula Up 2 B --> BCADE
Akula Up 2 A --> ABCDE
Akula Up 1 B --> BACDE
Akula Up 1 A --> ABCDE
Akula Up 1 B --> BACDE
Akula Up 1 A --> ABCDE
Akula Topple --> BCDEA
Akula Topple --> CDEAB
Akula Up 2 A --> CADEB
Akula Topple --> ADEBC
Akula Topple --> DEBCA
============ Test Case 30 ====================
Initial State: ABCDE
Player 1: ACD
Player 2: ACE
*** First Player Wins ***
Start -->        ABCDE
Akula Up 2 D --> ADBCE
Akula Up 2 B --> BADCE
Akula Up 1 D --> BDACE
Akula Up 2 A --> ABDCE
Akula Up 2 D --> DABCE
Akula Up 1 A --> ADBCE
Akula Up 1 D --> DABCE
Akula Up 1 A --> ADBCE
Akula Topple --> DBCEA
Akula Topple --> BCEAD
Akula Topple --> CEADB
Akula Topple --> EADBC
============ Test Case 31 ====================
Initial State: ABCDE
Player 1: ACD
Player 2: ADE
*** First Player Wins ***
Start -->        ABCDE
Akula Up 1 B --> BACDE
Akula Up 2 C --> CBADE
Akula Up 2 A --> ACBDE
Akula Up 2 B --> BACDE
Akula Up 2 C --> CBADE
Akula Up 1 B --> BCADE
Akula Up 1 C --> CBADE
Akula Up 1 B --> BCADE
Akula Topple --> CADEB
Akula Topple --> ADEBC
Akula Topple --> DEBCA
Akula Topple --> EBCAD
============ Test Case 32 ====================
Initial State: ABCDE
Player 1: ACD
Player 2: BCD
*** First Player Wins ***
Start -->        ABCDE
Akula Up 2 C --> CABDE
Akula Up 2 B --> BCADE
Akula Up 1 A --> BACDE
Akula Up 2 C --> CBADE
Akula Up 2 A --> ACBDE
Akula Up 1 C --> CABDE
Akula Up 1 A --> ACBDE
Akula Up 1 C --> CABDE
Akula Topple --> ABDEC
Akula Topple --> BDECA
Akula Topple --> DECAB
Akula Topple --> ECABD
============ Test Case 33 ====================
Initial State: ABCDE
Player 1: ACD
Player 2: BCE
*** Second Player Wins ***
Start -->        ABCDE
Akula Up 2 C --> CABDE
Akula Up 2 B --> BCADE
Akula Up 2 A --> ABCDE
Akula Up 1 B --> BACDE
Akula Up 1 A --> ABCDE
Akula Up 1 B --> BACDE
Akula Up 1 A --> ABCDE
Akula Topple --> BCDEA
Akula Topple --> CDEAB
Akula Up 2 A --> CADEB
Akula Topple --> ADEBC
Akula Topple --> DEBCA
============ Test Case 34 ====================
Initial State: ABCDE
Player 1: ACD
Player 2: BDE
*** Second Player Wins ***
Start -->        ABCDE
Akula Up 2 C --> CABDE
Akula Up 2 B --> BCADE
Akula Up 2 A --> ABCDE
Akula Up 1 B --> BACDE
Akula Up 1 A --> ABCDE
Akula Up 1 B --> BACDE
Akula Up 1 A --> ABCDE
Akula Topple --> BCDEA
Akula Topple --> CDEAB
Akula Up 2 A --> CADEB
Akula Topple --> ADEBC
Akula Topple --> DEBCA
============ Test Case 35 ====================
Initial State: ABCDE
Player 1: ACD
Player 2: CDE
*** First Player Wins ***
Start -->        ABCDE
Akula Up 2 C --> CABDE
Akula Up 2 B --> BCADE
Akula Up 1 A --> BACDE
Akula Up 2 C --> CBADE
Akula Up 2 A --> ACBDE
Akula Up 1 C --> CABDE
Akula Up 1 A --> ACBDE
Akula Up 1 C --> CABDE
Akula Topple --> ABDEC
Akula Topple --> BDECA
Akula Topple --> DECAB
Akula Topple --> ECABD
============ Test Case 36 ====================
Initial State: ABCDE
Player 1: ACE
Player 2: ABC
*** First Player Wins ***
Start -->        ABCDE
Akula Up 2 C --> CABDE
Akula Up 2 B --> BCADE
Akula Topple --> CADEB
Akula Up 2 D --> DCAEB
Akula Up 2 A --> ADCEB
Akula Up 1 D --> DACEB
Akula Up 1 A --> ADCEB
Akula Up 1 D --> DACEB
Akula Up 1 A --> ADCEB
Akula Topple --> DCEBA
Akula Topple --> CEBAD
Akula Topple --> EBADC
============ Test Case 37 ====================
Initial State: ABCDE
Player 1: ACE
Player 2: ABD
*** First Player Wins ***
Start -->        ABCDE
Akula Topple --> BCDEA
Akula Up 2 D --> DBCEA
Akula Up 2 C --> CDBEA
Akula Up 2 B --> BCDEA
Akula Up 2 D --> DBCEA
Akula Up 1 B --> BDCEA
Akula Up 1 D --> DBCEA
Akula Up 1 B --> BDCEA
Akula Up 1 D --> DBCEA
Akula Topple --> BCEAD
Akula Topple --> CEADB
Akula Topple --> EADBC
============ Test Case 38 ====================
Initial State: ABCDE
Player 1: ACE
Player 2: ABE
*** First Player Wins ***
Start -->        ABCDE
Akula Up 2 C --> CABDE
Akula Up 2 B --> BCADE
Akula Up 1 D --> BCDAE
Akula Up 2 D --> DBCAE
Akula Up 2 C --> CDBAE
Akula Up 1 D --> DCBAE
Akula Up 1 C --> CDBAE
Akula Up 1 D --> DCBAE
Akula Topple --> CBAED
Akula Topple --> BAEDC
Akula Topple --> AEDCB
Akula Topple --> EDCBA
============ Test Case 39 ====================
Initial State: ABCDE
Player 1: ACE
Player 2: ACD
*** First Player Wins ***
Start -->        ABCDE
Akula Up 2 C --> CABDE
Akula Up 2 B --> BCADE
Akula Up 1 C --> CBADE
Akula Up 2 A --> ACBDE
Akula Up 1 C --> CABDE
Akula Up 1 A --> ACBDE
Akula Topple --> CBDEA
Akula Up 1 B --> BCDEA
Akula Up 2 D --> DBCEA
Akula Topple --> BCEAD
Akula Topple --> CEADB
Akula Topple --> EADBC
============ Test Case 40 ====================
Initial State: ABCDE
Player 1: ACE
Player 2: ADE
*** First Player Wins ***
Start -->        ABCDE
Akula Up 2 C --> CABDE
Akula Up 2 B --> BCADE
Akula Up 1 C --> CBADE
Akula Up 2 A --> ACBDE
Akula Up 1 C --> CABDE
Akula Up 1 A --> ACBDE
Akula Topple --> CBDEA
Akula Up 1 B --> BCDEA
Akula Topple --> CDEAB
Akula Topple --> DEABC
Akula Up 2 B --> DBEAC
Akula Topple --> BEACD
============ Test Case 41 ====================
Initial State: ABCDE
Player 1: ACE
Player 2: BCD
*** First Player Wins ***
Start -->        ABCDE
Akula Topple --> BCDEA
Akula Up 2 D --> DBCEA
Akula Up 2 C --> CDBEA
Akula Up 2 B --> BCDEA
Akula Up 2 D --> DBCEA
Akula Up 1 B --> BDCEA
Akula Up 1 D --> DBCEA
Akula Up 1 B --> BDCEA
Akula Up 1 D --> DBCEA
Akula Topple --> BCEAD
Akula Topple --> CEADB
Akula Topple --> EADBC
============ Test Case 42 ====================
Initial State: ABCDE
Player 1: ACE
Player 2: BCE
*** First Player Wins ***
Start -->        ABCDE
Akula Up 2 C --> CABDE
Akula Up 2 B --> BCADE
Akula Up 1 A --> BACDE
Akula Up 2 C --> CBADE
Akula Up 2 A --> ACBDE
Akula Up 1 C --> CABDE
Akula Up 1 A --> ACBDE
Akula Up 1 C --> CABDE
Akula Topple --> ABDEC
Akula Topple --> BDECA
Akula Topple --> DECAB
Akula Topple --> ECABD
============ Test Case 43 ====================
Initial State: ABCDE
Player 1: ACE
Player 2: BDE
*** First Player Wins ***
Start -->        ABCDE
Akula Topple --> BCDEA
Akula Up 2 D --> DBCEA
Akula Up 2 C --> CDBEA
Akula Up 2 B --> BCDEA
Akula Up 2 D --> DBCEA
Akula Up 1 B --> BDCEA
Akula Up 1 D --> DBCEA
Akula Up 1 B --> BDCEA
Akula Up 1 D --> DBCEA
Akula Topple --> BCEAD
Akula Topple --> CEADB
Akula Topple --> EADBC
============ Test Case 44 ====================
Initial State: ABCDE
Player 1: ACE
Player 2: CDE
*** First Player Wins ***
Start -->        ABCDE
Akula Up 2 C --> CABDE
Akula Up 2 B --> BCADE
Akula Up 1 A --> BACDE
Akula Up 2 C --> CBADE
Akula Up 2 A --> ACBDE
Akula Up 1 C --> CABDE
Akula Up 1 A --> ACBDE
Akula Up 1 C --> CABDE
Akula Topple --> ABDEC
Akula Topple --> BDECA
Akula Topple --> DECAB
Akula Topple --> ECABD
============ Test Case 45 ====================
Initial State: ABCDE
Player 1: ADE
Player 2: ABC
*** First Player Wins ***
Start -->        ABCDE
Akula Up 2 C --> CABDE
Akula Up 2 B --> BCADE
Akula Up 2 A --> ABCDE
Akula Up 2 C --> CABDE
Akula Up 1 A --> ACBDE
Akula Up 1 C --> CABDE
Akula Up 1 A --> ACBDE
Akula Up 1 C --> CABDE
Akula Topple --> ABDEC
Akula Topple --> BDECA
Akula Topple --> DECAB
Akula Topple --> ECABD
============ Test Case 46 ====================
Initial State: ABCDE
Player 1: ADE
Player 2: ABD
*** First Player Wins ***
Start -->        ABCDE
Akula Up 2 C --> CABDE
Akula Up 2 B --> BCADE
Akula Topple --> CADEB
Akula Up 2 D --> DCAEB
Akula Up 2 A --> ADCEB
Akula Up 1 D --> DACEB
Akula Up 1 A --> ADCEB
Akula Up 1 D --> DACEB
Akula Up 1 A --> ADCEB
Akula Topple --> DCEBA
Akula Topple --> CEBAD
Akula Topple --> EBADC
============ Test Case 47 ====================
Initial State: ABCDE
Player 1: ADE
Player 2: ABE
*** First Player Wins ***
Start -->        ABCDE
Akula Up 2 D --> ADBCE
Akula Up 2 B --> BADCE
Akula Up 1 D --> BDACE
Akula Up 2 A --> ABDCE
Akula Up 2 D --> DABCE
Akula Up 1 A --> ADBCE
Akula Up 1 D --> DABCE
Akula Up 1 A --> ADBCE
Akula Topple --> DBCEA
Akula Topple --> BCEAD
Akula Topple --> CEADB
Akula Topple --> EADBC
============ Test Case 48 ====================
Initial State: ABCDE
Player 1: ADE
Player 2: ACD
*** First Player Wins ***
Start -->        ABCDE
Akula Up 2 C --> CABDE
Akula Up 2 B --> BCADE
Akula Up 2 A --> ABCDE
Akula Up 2 C --> CABDE
Akula Topple --> ABDEC
Akula Up 1 B --> BADEC
Akula Up 1 A --> ABDEC
Akula Up 1 B --> BADEC
Akula Up 1 A --> ABDEC
Akula Topple --> BDECA
Akula Topple --> DECAB
Akula Topple --> ECABD
============ Test Case 49 ====================
Initial State: ABCDE
Player 1: ADE
Player 2: ACE
*** First Player Wins ***
Start -->        ABCDE
Akula Up 2 D --> ADBCE
Akula Up 2 B --> BADCE
Akula Up 1 D --> BDACE
Akula Up 2 A --> ABDCE
Akula Up 2 D --> DABCE
Akula Up 1 A --> ADBCE
Akula Up 1 D --> DABCE
Akula Up 1 A --> ADBCE
Akula Topple --> DBCEA
Akula Topple --> BCEAD
Akula Topple --> CEADB
Akula Topple --> EADBC
============ Test Case 50 ====================
Initial State: ABCDE
Player 1: ADE
Player 2: BCD
*** First Player Wins ***
Start -->        ABCDE
Akula Up 2 C --> CABDE
Akula Up 2 B --> BCADE
Akula Up 2 A --> ABCDE
Akula Up 2 C --> CABDE
Akula Up 1 A --> ACBDE
Akula Up 1 C --> CABDE
Akula Up 1 A --> ACBDE
Akula Up 1 C --> CABDE
Akula Topple --> ABDEC
Akula Topple --> BDECA
Akula Topple --> DECAB
Akula Topple --> ECABD
============ Test Case 51 ====================
Initial State: ABCDE
Player 1: ADE
Player 2: BCE
*** First Player Wins ***
Start -->        ABCDE
Akula Up 2 C --> CABDE
Akula Up 2 B --> BCADE
Akula Up 2 A --> ABCDE
Akula Up 2 C --> CABDE
Akula Up 1 A --> ACBDE
Akula Up 1 C --> CABDE
Akula Up 1 A --> ACBDE
Akula Up 1 C --> CABDE
Akula Topple --> ABDEC
Akula Topple --> BDECA
Akula Topple --> DECAB
Akula Topple --> ECABD
============ Test Case 52 ====================
Initial State: ABCDE
Player 1: ADE
Player 2: BDE
*** First Player Wins ***
Start -->        ABCDE
Akula Up 2 C --> CABDE
Akula Up 2 B --> BCADE
Akula Up 1 A --> BACDE
Akula Up 2 C --> CBADE
Akula Up 2 A --> ACBDE
Akula Up 1 C --> CABDE
Akula Up 1 A --> ACBDE
Akula Up 1 C --> CABDE
Akula Topple --> ABDEC
Akula Topple --> BDECA
Akula Topple --> DECAB
Akula Topple --> ECABD
============ Test Case 53 ====================
Initial State: ABCDE
Player 1: ADE
Player 2: CDE
*** First Player Wins ***
Start -->        ABCDE
Akula Up 2 C --> CABDE
Akula Up 2 B --> BCADE
Akula Up 2 A --> ABCDE
Akula Up 2 C --> CABDE
Akula Up 1 A --> ACBDE
Akula Up 1 C --> CABDE
Akula Up 1 A --> ACBDE
Akula Up 1 C --> CABDE
Akula Topple --> ABDEC
Akula Topple --> BDECA
Akula Topple --> DECAB
Akula Topple --> ECABD
============ Test Case 54 ====================
Initial State: ABCDE
Player 1: BCD
Player 2: ABC
*** First Player Wins ***
Start -->        ABCDE
Akula Up 2 C --> CABDE
Akula Up 2 B --> BCADE
Akula Up 1 E --> BCAED
Akula Up 2 A --> ABCED
Akula Topple --> BCEDA
Akula Up 1 C --> CBEDA
Akula Up 2 E --> ECBDA
Akula Up 1 C --> CEBDA
Akula Up 1 E --> ECBDA
Akula Topple --> CBDAE
Akula Topple --> BDAEC
Akula Topple --> DAECB
============ Test Case 55 ====================
Initial State: ABCDE
Player 1: BCD
Player 2: ABD
*** First Player Wins ***
Start -->        ABCDE
Akula Up 1 B --> BACDE
Akula Up 2 C --> CBADE
Akula Up 2 A --> ACBDE
Akula Up 2 B --> BACDE
Akula Up 2 C --> CBADE
Akula Up 1 B --> BCADE
Akula Up 1 C --> CBADE
Akula Up 1 B --> BCADE
Akula Topple --> CADEB
Akula Topple --> ADEBC
Akula Topple --> DEBCA
Akula Topple --> EBCAD
============ Test Case 56 ====================
Initial State: ABCDE
Player 1: BCD
Player 2: ABE
*** First Player Wins ***
Start -->        ABCDE
Akula Up 2 E --> ABECD
Akula Up 2 E --> EABCD
Akula Up 2 B --> BEACD
Akula Up 2 A --> ABECD
Akula Up 1 B --> BAECD
Akula Up 1 A --> ABECD
Akula Up 1 B --> BAECD
Akula Up 1 A --> ABECD
Akula Topple --> BECDA
Akula Topple --> ECDAB
Akula Topple --> CDABE
Akula Topple --> DABEC
============ Test Case 57 ====================
Initial State: ABCDE
Player 1: BCD
Player 2: ACD
*** First Player Wins ***
Start -->        ABCDE
Akula Up 2 E --> ABECD
Akula Up 2 E --> EABCD
Akula Up 2 B --> BEACD
Akula Up 2 A --> ABECD
Akula Up 1 B --> BAECD
Akula Up 1 A --> ABECD
Akula Up 1 B --> BAECD
Akula Up 1 A --> ABECD
Akula Topple --> BECDA
Akula Topple --> ECDAB
Akula Topple --> CDABE
Akula Topple --> DABEC
============ Test Case 58 ====================
Initial State: ABCDE
Player 1: BCD
Player 2: ACE
*** First Player Wins ***
Start -->        ABCDE
Akula Up 2 E --> ABECD
Akula Up 2 E --> EABCD
Akula Up 2 B --> BEACD
Akula Up 2 A --> ABECD
Akula Up 1 B --> BAECD
Akula Up 1 A --> ABECD
Akula Up 1 B --> BAECD
Akula Up 1 A --> ABECD
Akula Topple --> BECDA
Akula Topple --> ECDAB
Akula Topple --> CDABE
Akula Topple --> DABEC
============ Test Case 59 ====================
Initial State: ABCDE
Player 1: BCD
Player 2: ADE
*** First Player Wins ***
Start -->        ABCDE
Akula Up 2 E --> ABECD
Akula Up 2 E --> EABCD
Akula Up 2 B --> BEACD
Akula Up 2 A --> ABECD
Akula Up 1 B --> BAECD
Akula Up 1 A --> ABECD
Akula Up 1 B --> BAECD
Akula Up 1 A --> ABECD
Akula Topple --> BECDA
Akula Topple --> ECDAB
Akula Topple --> CDABE
Akula Topple --> DABEC
============ Test Case 60 ====================
Initial State: ABCDE
Player 1: BCD
Player 2: BCE
*** First Player Wins ***
Start -->        ABCDE
Akula Up 2 D --> ADBCE
Akula Up 2 B --> BADCE
Akula Up 1 D --> BDACE
Akula Up 2 A --> ABDCE
Akula Up 2 D --> DABCE
Akula Up 1 A --> ADBCE
Akula Up 1 D --> DABCE
Akula Up 1 A --> ADBCE
Akula Topple --> DBCEA
Akula Topple --> BCEAD
Akula Topple --> CEADB
Akula Topple --> EADBC
============ Test Case 61 ====================
Initial State: ABCDE
Player 1: BCD
Player 2: BDE
*** First Player Wins ***
Start -->        ABCDE
Akula Up 1 B --> BACDE
Akula Up 2 C --> CBADE
Akula Up 2 A --> ACBDE
Akula Up 2 B --> BACDE
Akula Up 2 C --> CBADE
Akula Up 1 B --> BCADE
Akula Up 1 C --> CBADE
Akula Up 1 B --> BCADE
Akula Topple --> CADEB
Akula Topple --> ADEBC
Akula Topple --> DEBCA
Akula Topple --> EBCAD
============ Test Case 62 ====================
Initial State: ABCDE
Player 1: BCD
Player 2: CDE
*** First Player Wins ***
Start -->        ABCDE
Akula Up 2 E --> ABECD
Akula Up 2 E --> EABCD
Akula Up 1 B --> EBACD
Akula Up 2 A --> AEBCD
Akula Up 2 B --> BAECD
Akula Up 1 A --> ABECD
Akula Up 1 B --> BAECD
Akula Up 1 A --> ABECD
Akula Topple --> BECDA
Akula Topple --> ECDAB
Akula Topple --> CDABE
Akula Topple --> DABEC
============ Test Case 63 ====================
Initial State: ABCDE
Player 1: BCE
Player 2: ABC
*** First Player Wins ***
Start -->        ABCDE
Akula Up 2 C --> CABDE
Akula Up 2 B --> BCADE
Akula Up 1 C --> CBADE
Akula Up 2 A --> ACBDE
Akula Topple --> CBDEA
Akula Up 1 B --> BCDEA
Akula Up 2 D --> DBCEA
Akula Up 1 B --> BDCEA
Akula Up 1 D --> DBCEA
Akula Topple --> BCEAD
Akula Topple --> CEADB
Akula Topple --> EADBC
============ Test Case 64 ====================
Initial State: ABCDE
Player 1: BCE
Player 2: ABD
*** Second Player Wins ***
Start -->        ABCDE
Akula Up 2 C --> CABDE
Akula Up 1 E --> CABED
Akula Up 2 B --> BCAED
Akula Up 2 A --> ABCED
Akula Up 1 B --> BACED
Akula Up 1 A --> ABCED
Akula Up 1 B --> BACED
Akula Topple --> ACEDB
Akula Topple --> CEDBA
Akula Up 2 B --> CBEDA
Akula Topple --> BEDAC
Akula Topple --> EDACB
============ Test Case 65 ====================
Initial State: ABCDE
Player 1: BCE
Player 2: ABE
*** First Player Wins ***
Start -->        ABCDE
Akula Up 1 B --> BACDE
Akula Up 2 C --> CBADE
Akula Up 2 A --> ACBDE
Akula Up 2 B --> BACDE
Akula Up 2 C --> CBADE
Akula Up 1 B --> BCADE
Akula Up 1 C --> CBADE
Akula Up 1 B --> BCADE
Akula Topple --> CADEB
Akula Topple --> ADEBC
Akula Topple --> DEBCA
Akula Topple --> EBCAD
============ Test Case 66 ====================
Initial State: ABCDE
Player 1: BCE
Player 2: ACD
*** Second Player Wins ***
Start -->        ABCDE
Akula Up 2 C --> CABDE
Akula Up 1 E --> CABED
Akula Up 2 B --> BCAED
Akula Up 2 A --> ABCED
Akula Up 1 B --> BACED
Akula Up 1 A --> ABCED
Akula Up 1 B --> BACED
Akula Topple --> ACEDB
Akula Topple --> CEDBA
Akula Up 2 B --> CBEDA
Akula Topple --> BEDAC
Akula Topple --> EDACB
============ Test Case 67 ====================
Initial State: ABCDE
Player 1: BCE
Player 2: ACE
*** First Player Wins ***
Start -->        ABCDE
Akula Up 2 E --> ABECD
Akula Up 2 E --> EABCD
Akula Up 2 B --> BEACD
Akula Up 2 A --> ABECD
Akula Up 1 B --> BAECD
Akula Up 1 A --> ABECD
Akula Up 1 B --> BAECD
Akula Up 1 A --> ABECD
Akula Topple --> BECDA
Akula Topple --> ECDAB
Akula Topple --> CDABE
Akula Topple --> DABEC
============ Test Case 68 ====================
Initial State: ABCDE
Player 1: BCE
Player 2: ADE
*** Second Player Wins ***
Start -->        ABCDE
Akula Up 2 C --> CABDE
Akula Up 1 E --> CABED
Akula Up 2 B --> BCAED
Akula Up 2 A --> ABCED
Akula Up 1 B --> BACED
Akula Up 1 A --> ABCED
Akula Up 1 B --> BACED
Akula Topple --> ACEDB
Akula Topple --> CEDBA
Akula Up 2 B --> CBEDA
Akula Topple --> BEDAC
Akula Topple --> EDACB
============ Test Case 69 ====================
Initial State: ABCDE
Player 1: BCE
Player 2: BCD
*** First Player Wins ***
Start -->        ABCDE
Akula Up 2 C --> CABDE
Akula Up 2 B --> BCADE
Akula Up 1 C --> CBADE
Akula Up 2 A --> ACBDE
Akula Up 1 C --> CABDE
Akula Up 1 A --> ACBDE
Akula Topple --> CBDEA
Akula Up 1 B --> BCDEA
Akula Up 2 D --> DBCEA
Akula Topple --> BCEAD
Akula Topple --> CEADB
Akula Topple --> EADBC
============ Test Case 70 ====================
Initial State: ABCDE
Player 1: BCE
Player 2: BDE
*** First Player Wins ***
Start -->        ABCDE
Akula Up 2 C --> CABDE
Akula Up 2 B --> BCADE
Akula Up 1 C --> CBADE
Akula Up 2 A --> ACBDE
Akula Up 1 C --> CABDE
Akula Up 1 A --> ACBDE
Akula Topple --> CBDEA
Akula Up 1 B --> BCDEA
Akula Topple --> CDEAB
Akula Topple --> DEABC
Akula Up 2 B --> DBEAC
Akula Topple --> BEACD
============ Test Case 71 ====================
Initial State: ABCDE
Player 1: BCE
Player 2: CDE
*** First Player Wins ***
Start -->        ABCDE
Akula Up 2 E --> ABECD
Akula Up 2 E --> EABCD
Akula Up 1 B --> EBACD
Akula Up 2 A --> AEBCD
Akula Up 2 B --> BAECD
Akula Up 1 A --> ABECD
Akula Up 1 B --> BAECD
Akula Up 1 A --> ABECD
Akula Topple --> BECDA
Akula Topple --> ECDAB
Akula Topple --> CDABE
Akula Topple --> DABEC
============ Test Case 72 ====================
Initial State: ABCDE
Player 1: BDE
Player 2: ABC
*** First Player Wins ***
Start -->        ABCDE
Akula Topple --> BCDEA
Akula Up 2 D --> DBCEA
Akula Up 2 C --> CDBEA
Akula Up 2 B --> BCDEA
Akula Up 2 D --> DBCEA
Akula Up 1 B --> BDCEA
Akula Up 1 D --> DBCEA
Akula Up 1 B --> BDCEA
Akula Up 1 D --> DBCEA
Akula Topple --> BCEAD
Akula Topple --> CEADB
Akula Topple --> EADBC
============ Test Case 73 ====================
Initial State: ABCDE
Player 1: BDE
Player 2: ABD
*** First Player Wins ***
Start -->        ABCDE
Akula Up 2 C --> CABDE
Akula Up 2 B --> BCADE
Akula Up 1 C --> CBADE
Akula Up 2 A --> ACBDE
Akula Topple --> CBDEA
Akula Up 1 B --> BCDEA
Akula Up 2 D --> DBCEA
Akula Up 1 B --> BDCEA
Akula Up 1 D --> DBCEA
Akula Topple --> BCEAD
Akula Topple --> CEADB
Akula Topple --> EADBC
============ Test Case 74 ====================
Initial State: ABCDE
Player 1: BDE
Player 2: ABE
*** First Player Wins ***
Start -->        ABCDE
Akula Up 2 C --> CABDE
Akula Up 2 B --> BCADE
Akula Up 1 E --> BCAED
Akula Up 2 A --> ABCED
Akula Topple --> BCEDA
Akula Up 1 C --> CBEDA
Akula Up 2 E --> ECBDA
Akula Up 1 C --> CEBDA
Akula Up 1 E --> ECBDA
Akula Topple --> CBDAE
Akula Topple --> BDAEC
Akula Topple --> DAECB
============ Test Case 75 ====================
Initial State: ABCDE
Player 1: BDE
Player 2: ACD
*** First Player Wins ***
Start -->        ABCDE
Akula Topple --> BCDEA
Akula Up 2 D --> DBCEA
Akula Up 2 C --> CDBEA
Akula Up 2 B --> BCDEA
Akula Up 2 D --> DBCEA
Akula Up 1 B --> BDCEA
Akula Up 1 D --> DBCEA
Akula Up 1 B --> BDCEA
Akula Up 1 D --> DBCEA
Akula Topple --> BCEAD
Akula Topple --> CEADB
Akula Topple --> EADBC
============ Test Case 76 ====================
Initial State: ABCDE
Player 1: BDE
Player 2: ACE
*** First Player Wins ***
Start -->        ABCDE
Akula Topple --> BCDEA
Akula Up 2 D --> DBCEA
Akula Up 2 C --> CDBEA
Akula Up 2 B --> BCDEA
Akula Up 2 D --> DBCEA
Akula Up 1 B --> BDCEA
Akula Up 1 D --> DBCEA
Akula Up 1 B --> BDCEA
Akula Up 1 D --> DBCEA
Akula Topple --> BCEAD
Akula Topple --> CEADB
Akula Topple --> EADBC
============ Test Case 77 ====================
Initial State: ABCDE
Player 1: BDE
Player 2: ADE
*** First Player Wins ***
Start -->        ABCDE
Akula Up 2 E --> ABECD
Akula Up 2 E --> EABCD
Akula Up 2 B --> BEACD
Akula Up 2 A --> ABECD
Akula Up 1 B --> BAECD
Akula Up 1 A --> ABECD
Akula Up 1 B --> BAECD
Akula Up 1 A --> ABECD
Akula Topple --> BECDA
Akula Topple --> ECDAB
Akula Topple --> CDABE
Akula Topple --> DABEC
============ Test Case 78 ====================
Initial State: ABCDE
Player 1: BDE
Player 2: BCD
*** First Player Wins ***
Start -->        ABCDE
Akula Up 2 C --> CABDE
Akula Up 2 B --> BCADE
Akula Up 2 A --> ABCDE
Akula Up 2 C --> CABDE
Akula Topple --> ABDEC
Akula Up 1 B --> BADEC
Akula Up 1 A --> ABDEC
Akula Up 1 B --> BADEC
Akula Up 1 A --> ABDEC
Akula Topple --> BDECA
Akula Topple --> DECAB
Akula Topple --> ECABD
============ Test Case 79 ====================
Initial State: ABCDE
Player 1: BDE
Player 2: BCE
*** First Player Wins ***
Start -->        ABCDE
Akula Up 2 D --> ADBCE
Akula Up 2 B --> BADCE
Akula Up 1 D --> BDACE
Akula Up 2 A --> ABDCE
Akula Up 2 D --> DABCE
Akula Up 1 A --> ADBCE
Akula Up 1 D --> DABCE
Akula Up 1 A --> ADBCE
Akula Topple --> DBCEA
Akula Topple --> BCEAD
Akula Topple --> CEADB
Akula Topple --> EADBC
============ Test Case 80 ====================
Initial State: ABCDE
Player 1: BDE
Player 2: CDE
*** First Player Wins ***
Start -->        ABCDE
Akula Up 2 E --> ABECD
Akula Up 2 E --> EABCD
Akula Up 1 B --> EBACD
Akula Up 2 A --> AEBCD
Akula Up 2 B --> BAECD
Akula Up 1 A --> ABECD
Akula Up 1 B --> BAECD
Akula Up 1 A --> ABECD
Akula Topple --> BECDA
Akula Topple --> ECDAB
Akula Topple --> CDABE
Akula Topple --> DABEC
============ Test Case 81 ====================
Initial State: ABCDE
Player 1: CDE
Player 2: ABC
*** First Player Wins ***
Start -->        ABCDE
Akula Up 2 D --> ADBCE
Akula Up 2 B --> BADCE
Akula Up 2 D --> DBACE
Akula Up 2 A --> ADBCE
Akula Up 1 D --> DABCE
Akula Up 1 A --> ADBCE
Akula Up 1 D --> DABCE
Akula Up 1 A --> ADBCE
Akula Topple --> DBCEA
Akula Topple --> BCEAD
Akula Topple --> CEADB
Akula Topple --> EADBC
============ Test Case 82 ====================
Initial State: ABCDE
Player 1: CDE
Player 2: ABD
*** First Player Wins ***
Start -->        ABCDE
Akula Up 2 D --> ADBCE
Akula Up 2 B --> BADCE
Akula Up 2 D --> DBACE
Akula Up 2 A --> ADBCE
Akula Up 1 D --> DABCE
Akula Up 1 A --> ADBCE
Akula Up 1 D --> DABCE
Akula Up 1 A --> ADBCE
Akula Topple --> DBCEA
Akula Topple --> BCEAD
Akula Topple --> CEADB
Akula Topple --> EADBC
============ Test Case 83 ====================
Initial State: ABCDE
Player 1: CDE
Player 2: ABE
*** First Player Wins ***
Start -->        ABCDE
Akula Up 2 D --> ADBCE
Akula Up 2 B --> BADCE
Akula Up 2 D --> DBACE
Akula Up 2 A --> ADBCE
Akula Up 1 D --> DABCE
Akula Up 1 A --> ADBCE
Akula Up 1 D --> DABCE
Akula Up 1 A --> ADBCE
Akula Topple --> DBCEA
Akula Topple --> BCEAD
Akula Topple --> CEADB
Akula Topple --> EADBC
============ Test Case 84 ====================
Initial State: ABCDE
Player 1: CDE
Player 2: ACD
*** First Player Wins ***
Start -->        ABCDE
Akula Up 2 C --> CABDE
Akula Up 2 B --> BCADE
Akula Up 1 C --> CBADE
Akula Up 2 A --> ACBDE
Akula Topple --> CBDEA
Akula Up 1 B --> BCDEA
Akula Up 2 D --> DBCEA
Akula Up 1 B --> BDCEA
Akula Up 1 D --> DBCEA
Akula Topple --> BCEAD
Akula Topple --> CEADB
Akula Topple --> EADBC
============ Test Case 85 ====================
Initial State: ABCDE
Player 1: CDE
Player 2: ACE
*** First Player Wins ***
Start -->        ABCDE
Akula Up 2 C --> CABDE
Akula Up 2 B --> BCADE
Akula Up 1 E --> BCAED
Akula Up 2 A --> ABCED
Akula Topple --> BCEDA
Akula Up 1 C --> CBEDA
Akula Up 2 E --> ECBDA
Akula Up 1 C --> CEBDA
Akula Up 1 E --> ECBDA
Akula Topple --> CBDAE
Akula Topple --> BDAEC
Akula Topple --> DAECB
============ Test Case 86 ====================
Initial State: ABCDE
Player 1: CDE
Player 2: ADE
*** First Player Wins ***
Start -->        ABCDE
Akula Up 1 B --> BACDE
Akula Up 2 C --> CBADE
Akula Up 2 A --> ACBDE
Akula Up 2 B --> BACDE
Akula Up 2 C --> CBADE
Akula Up 1 B --> BCADE
Akula Up 1 C --> CBADE
Akula Up 1 B --> BCADE
Akula Topple --> CADEB
Akula Topple --> ADEBC
Akula Topple --> DEBCA
Akula Topple --> EBCAD
============ Test Case 87 ====================
Initial State: ABCDE
Player 1: CDE
Player 2: BCD
*** First Player Wins ***
Start -->        ABCDE
Akula Up 2 C --> CABDE
Akula Up 2 B --> BCADE
Akula Topple --> CADEB
Akula Up 2 D --> DCAEB
Akula Up 2 A --> ADCEB
Akula Up 1 D --> DACEB
Akula Up 1 A --> ADCEB
Akula Up 1 D --> DACEB
Akula Up 1 A --> ADCEB
Akula Topple --> DCEBA
Akula Topple --> CEBAD
Akula Topple --> EBADC
============ Test Case 88 ====================
Initial State: ABCDE
Player 1: CDE
Player 2: BCE
*** First Player Wins ***
Start -->        ABCDE
Akula Up 2 D --> ADBCE
Akula Up 2 B --> BADCE
Akula Up 1 D --> BDACE
Akula Up 2 A --> ABDCE
Akula Up 2 D --> DABCE
Akula Up 1 A --> ADBCE
Akula Up 1 D --> DABCE
Akula Up 1 A --> ADBCE
Akula Topple --> DBCEA
Akula Topple --> BCEAD
Akula Topple --> CEADB
Akula Topple --> EADBC
============ Test Case 89 ====================
Initial State: ABCDE
Player 1: CDE
Player 2: BDE
*** First Player Wins ***
Start -->        ABCDE
Akula Up 2 C --> CABDE
Akula Up 2 B --> BCADE
Akula Up 1 D --> BCDAE
Akula Up 2 D --> DBCAE
Akula Up 2 C --> CDBAE
Akula Up 1 D --> DCBAE
Akula Up 1 C --> CDBAE
Akula Up 1 D --> DCBAE
Akula Topple --> CBAED
Akula Topple --> BAEDC
Akula Topple --> AEDCB
Akula Topple --> EDCBA
