Test case: 1
  Capacity: 3, Length: 5, Gap: 4
  Starfish:  0  2  3  5  7  8  9  11  13  18  19  21
  Found 4 intervals:
    [0, 3] of length 3 containing 3 points
    [7, 9] of length 2 containing 3 points gap size 4
    [13, 13] of length 0 containing 1 points gap size 4
    [18, 21] of length 3 containing 3 points gap size 5
  Total starfish collected: 10
Test case: 2
  Capacity: 1, Length: 10, Gap: 3
  Starfish:  0  1  2  3  4  5  6  7  8  9  10  11
  Found 4 intervals:
    [0, 0] of length 0 containing 1 points
    [3, 3] of length 0 containing 1 points gap size 3
    [6, 6] of length 0 containing 1 points gap size 3
    [9, 9] of length 0 containing 1 points gap size 3
  Total starfish collected: 4
Test case: 3
  Capacity: 3, Length: 5, Gap: 4
  Starfish:  0  1  3  4  7  10  16  17  18  20
  Found 3 intervals:
    [0, 3] of length 3 containing 3 points
    [7, 10] of length 3 containing 2 points gap size 4
    [16, 18] of length 2 containing 3 points gap size 6
  Total starfish collected: 8
Test case: 4
  Capacity: 5, Length: 10, Gap: 6
  Starfish:  2  4  5  8  9  10  11  13  16  17  18  20  23  24  26  27  28  32  34  36
             38  40  41  43  45  46  55  57  58  60  66  67  72  74  75  77  78  79  82  83
             84  89  90  91  92  93  95  96  97  98
  Found 8 intervals:
    [2, 9] of length 7 containing 5 points
    [16, 20] of length 4 containing 4 points gap size 7
    [26, 34] of length 8 containing 5 points gap size 6
    [40, 46] of length 6 containing 5 points gap size 6
    [55, 60] of length 5 containing 4 points gap size 9
    [66, 72] of length 6 containing 3 points gap size 6
    [78, 84] of length 6 containing 5 points gap size 6
    [90, 95] of length 5 containing 5 points gap size 6
  Total starfish collected: 36
Test case: 5
  Capacity: 10, Length: 5, Gap: 7
  Starfish:  2  4  5  8  9  10  11  13  16  17  18  20  23  24  26  27  28  32  34  36
             38  40  41  43  45  46  55  57  58  60  66  67  72  74  75  77  78  79  82  83
             84  89  90  91  92  93  95  96  97  98
  Found 8 intervals:
    [4, 9] of length 5 containing 4 points
    [16, 20] of length 4 containing 4 points gap size 7
    [27, 32] of length 5 containing 3 points gap size 7
    [40, 45] of length 5 containing 4 points gap size 8
    [55, 58] of length 3 containing 3 points gap size 10
    [66, 67] of length 1 containing 2 points gap size 8
    [74, 79] of length 5 containing 5 points gap size 7
    [89, 93] of length 4 containing 5 points gap size 10
  Total starfish collected: 30
Test case: 6
  Capacity: 1, Length: 0, Gap: 1
  Starfish:  0  1  2  3  4  5  6  7  8  9  10  11
  Found 12 intervals:
    [0, 0] of length 0 containing 1 points
    [1, 1] of length 0 containing 1 points gap size 1
    [2, 2] of length 0 containing 1 points gap size 1
    [3, 3] of length 0 containing 1 points gap size 1
    [4, 4] of length 0 containing 1 points gap size 1
    [5, 5] of length 0 containing 1 points gap size 1
    [6, 6] of length 0 containing 1 points gap size 1
    [7, 7] of length 0 containing 1 points gap size 1
    [8, 8] of length 0 containing 1 points gap size 1
    [9, 9] of length 0 containing 1 points gap size 1
    [10, 10] of length 0 containing 1 points gap size 1
    [11, 11] of length 0 containing 1 points gap size 1
  Total starfish collected: 12
Test case: 7
  Capacity: 3, Length: 3, Gap: 0
  Starfish:  0  1  2  3  4  5  6  7  8  9  10  11
  Found 4 intervals:
    [0, 2] of length 2 containing 3 points
    [3, 5] of length 2 containing 3 points gap size 1
    [6, 8] of length 2 containing 3 points gap size 1
    [9, 11] of length 2 containing 3 points gap size 1
  Total starfish collected: 12
Test case: 8
  Capacity: 7, Length: 20, Gap: 15
  Starfish:  1  3  14  21  27  55  60  61  65  68  82  83  88  91  98  113  120  125  131  132
             135  136  137  146  147  156  158  160  166  172  178  179  181  182  190  196  203  208  217  230
             232  235  241  245  251  255  263  267  275  279  285  286  287  289  290  292  296  298  306  307
             316  322  325  326  334  339  340  341  346  353  355  357  360  362  370  375  377  389  390  398
             405  417  419  428  431  432  445  447  454  455  456  465  467  468  477  478  484  488  494  499
  Found 15 intervals:
    [1, 21] of length 20 containing 4 points
    [55, 65] of length 10 containing 4 points gap size 34
    [82, 98] of length 16 containing 5 points gap size 17
    [113, 113] of length 0 containing 1 points gap size 15
    [131, 147] of length 16 containing 7 points gap size 18
    [166, 182] of length 16 containing 6 points gap size 19
    [203, 217] of length 14 containing 3 points gap size 21
    [232, 251] of length 19 containing 5 points gap size 15
    [275, 290] of length 15 containing 7 points gap size 24
    [306, 325] of length 19 containing 5 points gap size 16
    [340, 360] of length 20 containing 7 points gap size 15
    [375, 390] of length 15 containing 4 points gap size 15
    [417, 432] of length 15 containing 5 points gap size 27
    [447, 467] of length 20 containing 6 points gap size 15
    [484, 499] of length 15 containing 4 points gap size 17
  Total starfish collected: 73
